<?xml version="1.0" encoding="UTF-8"?>
<testng-results skipped="0" failed="0" ignored="0" total="1" passed="1">
  <reporter-output>
  </reporter-output>
  <suite name="Default suite" duration-ms="35299" started-at="2020-06-11T16:20:36Z" finished-at="2020-06-11T16:21:11Z">
    <groups>
    </groups>
    <test name="Default test" duration-ms="35299" started-at="2020-06-11T16:20:36Z" finished-at="2020-06-11T16:21:11Z">
      <class name="Test.TestActitime">
        <test-method status="PASS" signature="start()[pri:0, instance:Test.TestActitime@1e397ed7]" name="start" is-config="true" duration-ms="23" started-at="2020-06-11T16:20:36Z" finished-at="2020-06-11T16:20:36Z">
          <reporter-output>
          </reporter-output>
        </test-method> <!-- start -->
        <test-method status="PASS" signature="openbrowser()[pri:0, instance:Test.TestActitime@1e397ed7]" name="openbrowser" is-config="true" duration-ms="19531" started-at="2020-06-11T16:20:36Z" finished-at="2020-06-11T16:20:55Z">
          <reporter-output>
          </reporter-output>
        </test-method> <!-- openbrowser -->
        <test-method status="PASS" signature="result()[pri:0, instance:Test.TestActitime@1e397ed7]" name="result" duration-ms="15706" started-at="2020-06-11T16:20:55Z" finished-at="2020-06-11T16:21:11Z">
          <reporter-output>
          </reporter-output>
        </test-method> <!-- result -->
      </class> <!-- Test.TestActitime -->
    </test> <!-- Default test -->
  </suite> <!-- Default suite -->
</testng-results>
